0 info it worked if it ends with ok
1 verbose cli [ 'c:\\Program Files\\nodejs\\node.exe',
1 verbose cli   'c:\\Program Files\\nodejs\\node_modules\\npm\\bin\\npm-cli.js',
1 verbose cli   'run',
1 verbose cli   'start' ]
2 info using npm@3.10.9
3 info using node@v6.9.2
4 verbose run-script [ 'prestart', 'start', 'poststart' ]
5 info lifecycle test-uirouter@1.0.0~prestart: test-uirouter@1.0.0
6 silly lifecycle test-uirouter@1.0.0~prestart: no script for prestart, continuing
7 info lifecycle test-uirouter@1.0.0~start: test-uirouter@1.0.0
8 verbose lifecycle test-uirouter@1.0.0~start: unsafe-perm in lifecycle true
9 verbose lifecycle test-uirouter@1.0.0~start: PATH: c:\Program Files\nodejs\node_modules\npm\bin\node-gyp-bin;f:\issp\issp-node\customer-node\node_modules\.bin;c:\Users\Bjike\bin;.;C:\Program Files (x86)\Git\local\bin;C:\Program Files (x86)\Git\mingw\bin;C:\Program Files (x86)\Git\bin;C:\Program Files (x86)\Git\bin;C:\Program Files (x86)\Git\bin;c:\nc\bin;c:\Program Files (x86)\GnuWin32\bin;c:\Ruby23-x64\bin;c:\Windows\system32;c:\Windows;c:\Windows\System32\Wbem;c:\Windows\System32\WindowsPowerShell\v1.0\;c:\Program Files (x86)\NVIDIA Corporation\PhysX\Common;c:\WINDOWS\twain_32\Fl;c:\Program Files\OpenVPN\bin;c:\Program Files\nodejs\;.;c:\Program Files\Boot2Docker for Windows;c:\Users\Bjike\AppData\Roaming\npm
10 verbose lifecycle test-uirouter@1.0.0~start: CWD: f:\issp\issp-node\customer-node
11 silly lifecycle test-uirouter@1.0.0~start: Args: [ '/d /s /c', 'nodemon index.js' ]
12 silly lifecycle test-uirouter@1.0.0~start: Returned: code: 3221225786  signal: null
13 info lifecycle test-uirouter@1.0.0~start: Failed to exec start script
14 verbose stack Error: test-uirouter@1.0.0 start: `nodemon index.js`
14 verbose stack Exit status 3221225786
14 verbose stack     at EventEmitter.<anonymous> (c:\Program Files\nodejs\node_modules\npm\lib\utils\lifecycle.js:255:16)
14 verbose stack     at emitTwo (events.js:106:13)
14 verbose stack     at EventEmitter.emit (events.js:191:7)
14 verbose stack     at ChildProcess.<anonymous> (c:\Program Files\nodejs\node_modules\npm\lib\utils\spawn.js:40:14)
14 verbose stack     at emitTwo (events.js:106:13)
14 verbose stack     at ChildProcess.emit (events.js:191:7)
14 verbose stack     at maybeClose (internal/child_process.js:877:16)
14 verbose stack     at Process.ChildProcess._handle.onexit (internal/child_process.js:226:5)
15 verbose pkgid test-uirouter@1.0.0
16 verbose cwd f:\issp\issp-node\customer-node
17 error Windows_NT 6.1.7601
18 error argv "c:\\Program Files\\nodejs\\node.exe" "c:\\Program Files\\nodejs\\node_modules\\npm\\bin\\npm-cli.js" "run" "start"
19 error node v6.9.2
20 error npm  v3.10.9
21 error code ELIFECYCLE
22 error test-uirouter@1.0.0 start: `nodemon index.js`
22 error Exit status 3221225786
23 error Failed at the test-uirouter@1.0.0 start script 'nodemon index.js'.
23 error Make sure you have the latest version of node.js and npm installed.
23 error If you do, this is most likely a problem with the test-uirouter package,
23 error not with npm itself.
23 error Tell the author that this fails on your system:
23 error     nodemon index.js
23 error You can get information on how to open an issue for this project with:
23 error     npm bugs test-uirouter
23 error Or if that isn't available, you can get their info via:
23 error     npm owner ls test-uirouter
23 error There is likely additional logging output above.
24 verbose exit [ 1, true ]
